<?xml version="1.0" encoding="UTF-8"?>
<!-- Generated by org.testng.reporters.JUnitReportReporter -->
<testsuite skipped="0" hostname="DESKTOP-JCJ8HOK" name="testng.TestNG_003" tests="1" failures="0" timestamp="18 Apr 2023 00:57:08 GMT" time="13.835" errors="0">
  <testcase name="amazonText" time="13.835" classname="testng.TestNG_003"/>
</testsuite> <!-- testng.TestNG_003 -->
