<?xml version="1.0" encoding="UTF-8"?>
<!-- Generated by org.testng.reporters.JUnitReportReporter -->
<testsuite skipped="0" hostname="DESKTOP-JCJ8HOK" name="testcases.Booking" tests="3" failures="0" timestamp="21 Apr 2023 01:50:52 GMT" time="0.034" errors="0">
  <testcase name="roomType" time="0.004" classname="testcases.Booking"/>
  <testcase name="cancelBooking" time="0.002" classname="testcases.Booking"/>
  <testcase name="newBooking" time="0.028" classname="testcases.Booking"/>
</testsuite> <!-- testcases.Booking -->
