<?xml version="1.0" encoding="UTF-8"?>
<!-- Generated by org.testng.reporters.JUnitReportReporter -->
<testsuite skipped="0" hostname="DESKTOP-JCJ8HOK" name="testcases.PaymentManagement" tests="4" failures="0" timestamp="21 Apr 2023 01:50:53 GMT" time="0.024" errors="0">
  <testcase name="makePayment" time="0.011" classname="testcases.PaymentManagement"/>
  <testcase name="applyDiscount" time="0.008" classname="testcases.PaymentManagement"/>
  <testcase name="makePayment" time="0.002" classname="testcases.PaymentManagement"/>
  <testcase name="applyDiscount" time="0.003" classname="testcases.PaymentManagement"/>
</testsuite> <!-- testcases.PaymentManagement -->
