<?xml version="1.0" encoding="UTF-8"?>
<!-- Generated by org.testng.reporters.JUnitReportReporter -->
<testsuite skipped="0" hostname="DESKTOP-JCJ8HOK" name="testcases.CustomerCommunication" tests="4" failures="0" timestamp="21 Apr 2023 01:50:53 GMT" time="0.021" errors="0">
  <testcase name="checkEmailVerification" time="0.003" classname="testcases.CustomerCommunication"/>
  <testcase name="checkEmailVerification" time="0.012" classname="testcases.CustomerCommunication"/>
  <testcase name="checkMobileVerification" time="0.003" classname="testcases.CustomerCommunication"/>
  <testcase name="checkMobileVerification" time="0.003" classname="testcases.CustomerCommunication"/>
</testsuite> <!-- testcases.CustomerCommunication -->
